<?xml version="1.0" encoding="UTF-8"?>
<testsuite xmlns:xsi="http://www.w3.org/2001/XMLSchema-instance" xsi:noNamespaceSchemaLocation="https://maven.apache.org/surefire/maven-surefire-plugin/xsd/surefire-test-report.xsd" name="com.mycompany.studentmanagementapp.MyMethodsTest" time="0.053" tests="8" errors="0" skipped="0" failures="0">
  <properties>
[...]
</properties>
  <testcase name="testSearchStudentFail" classname="com.mycompany.studentmanagementapp.MyMethodsTest" time="0.031"/>
  <testcase name="testCaptureStudent" classname="com.mycompany.studentmanagementapp.MyMethodsTest" time="0.001"/>
  <testcase name="testPrintStudentReport" classname="com.mycompany.studentmanagementapp.MyMethodsTest" time="0.001"/>
  <testcase name="testDeleteStudent" classname="com.mycompany.studentmanagementapp.MyMethodsTest" time="0.002"/>
  <testcase name="testCaptureStudentFail" classname="com.mycompany.studentmanagementapp.MyMethodsTest" time="0.001"/>
  <testcase name="testDeleteStudentFail" classname="com.mycompany.studentmanagementapp.MyMethodsTest" time="0.001"/>
  <testcase name="testSearchStudent" classname="com.mycompany.studentmanagementapp.MyMethodsTest" time="0.001"/>
  <testcase name="testPrintStudentReportFail" classname="com.mycompany.studentmanagementapp.MyMethodsTest" time="0"/>
</testsuite>