<?xml version="1.0" encoding="UTF-8" ?>
<testsuite tests="8" failures="4" name="com.mycompany.carwashapp.EmployeeTest" time="0.021" errors="0" skipped="0">
  <properties>
[...]
</properties>
  <testcase classname="com.mycompany.carwashapp.EmployeeTest" name="com.mycompany.carwashapp.EmployeeTest.testConstructorFail" time="0.02">
    <failure message="expected: &lt;Bob Johnson&gt; but was: &lt;Alice Johnson&gt;" type="org.opentest4j.AssertionFailedError">org.opentest4j.AssertionFailedError: expected: &lt;Bob Johnson&gt; but was: &lt;Alice Johnson&gt;
	at org.junit.jupiter.api.AssertionUtils.fail(AssertionUtils.java:55)
	at org.junit.jupiter.api.AssertionUtils.failNotEqual(AssertionUtils.java:62)
	at org.junit.jupiter.api.AssertEquals.assertEquals(AssertEquals.java:182)
	at org.junit.jupiter.api.AssertEquals.assertEquals(AssertEquals.java:177)
	at org.junit.jupiter.api.Assertions.assertEquals(Assertions.java:1124)
	at com.mycompany.carwashapp.EmployeeTest.testConstructorFail(EmployeeTest.java:67)
</failure>
  </testcase>
  <testcase classname="com.mycompany.carwashapp.EmployeeTest" name="com.mycompany.carwashapp.EmployeeTest.testCalculateSalaryFail" time="0">
    <failure message="expected: &lt;500.0&gt; but was: &lt;400.0&gt;" type="org.opentest4j.AssertionFailedError">org.opentest4j.AssertionFailedError: expected: &lt;500.0&gt; but was: &lt;400.0&gt;
	at org.junit.jupiter.api.AssertionUtils.fail(AssertionUtils.java:55)
	at org.junit.jupiter.api.AssertionUtils.failNotEqual(AssertionUtils.java:62)
	at org.junit.jupiter.api.AssertEquals.assertEquals(AssertEquals.java:86)
	at org.junit.jupiter.api.AssertEquals.assertEquals(AssertEquals.java:81)
	at org.junit.jupiter.api.Assertions.assertEquals(Assertions.java:993)
	at com.mycompany.carwashapp.EmployeeTest.testCalculateSalaryFail(EmployeeTest.java:29)
</failure>
  </testcase>
  <testcase classname="com.mycompany.carwashapp.EmployeeTest" name="com.mycompany.carwashapp.EmployeeTest.testGetHourlyRateFail" time="0">
    <failure message="expected: &lt;20.0&gt; but was: &lt;15.0&gt;" type="org.opentest4j.AssertionFailedError">org.opentest4j.AssertionFailedError: expected: &lt;20.0&gt; but was: &lt;15.0&gt;
	at org.junit.jupiter.api.AssertionUtils.fail(AssertionUtils.java:55)
	at org.junit.jupiter.api.AssertionUtils.failNotEqual(AssertionUtils.java:62)
	at org.junit.jupiter.api.AssertEquals.assertEquals(AssertEquals.java:86)
	at org.junit.jupiter.api.AssertEquals.assertEquals(AssertEquals.java:81)
	at org.junit.jupiter.api.Assertions.assertEquals(Assertions.java:993)
	at com.mycompany.carwashapp.EmployeeTest.testGetHourlyRateFail(EmployeeTest.java:41)
</failure>
  </testcase>
  <testcase classname="com.mycompany.carwashapp.EmployeeTest" name="com.mycompany.carwashapp.EmployeeTest.testCalculateSalary" time="0"/>
  <testcase classname="com.mycompany.carwashapp.EmployeeTest" name="com.mycompany.carwashapp.EmployeeTest.testGetHoursWorkedFail" time="0.001">
    <failure message="expected: &lt;40&gt; but was: &lt;45&gt;" type="org.opentest4j.AssertionFailedError">org.opentest4j.AssertionFailedError: expected: &lt;40&gt; but was: &lt;45&gt;
	at org.junit.jupiter.api.AssertionUtils.fail(AssertionUtils.java:55)
	at org.junit.jupiter.api.AssertionUtils.failNotEqual(AssertionUtils.java:62)
	at org.junit.jupiter.api.AssertEquals.assertEquals(AssertEquals.java:150)
	at org.junit.jupiter.api.AssertEquals.assertEquals(AssertEquals.java:145)
	at org.junit.jupiter.api.Assertions.assertEquals(Assertions.java:510)
	at com.mycompany.carwashapp.EmployeeTest.testGetHoursWorkedFail(EmployeeTest.java:53)
</failure>
  </testcase>
  <testcase classname="com.mycompany.carwashapp.EmployeeTest" name="com.mycompany.carwashapp.EmployeeTest.testConstructor" time="0"/>
  <testcase classname="com.mycompany.carwashapp.EmployeeTest" name="com.mycompany.carwashapp.EmployeeTest.testGetHoursWorked" time="0"/>
  <testcase classname="com.mycompany.carwashapp.EmployeeTest" name="com.mycompany.carwashapp.EmployeeTest.testGetHourlyRate" time="0"/>
</testsuite>